>>> runfile('U:/Stagiaires/Nabil.BELAHRACH/Donnees/30_Python/classification/Evian_VS_T325.py', wdir='U:/Stagiaires/Nabil.BELAHRACH/Donnees/30_Python/classification')
Passive Aggressive Classifier: 0.52
Gradient Boosting Classifier:  0.92
Support vector machine(SVM):   0.92
Random Forest Classifier:      0.89
K Nearest Neighbor Classifier: 0.93
Logistic Regression:           0.64
Passive Aggressive Classifier:
              precision    recall  f1-score   support

      Evian       0.60      0.71      0.65       202
         T3       0.52      0.39      0.45       160

avg / total       0.56      0.57      0.56       362


Gradient Boosting Classifier:
              precision    recall  f1-score   support

      Evian       0.91      0.95      0.93       202
         T3       0.93      0.88      0.90       160

avg / total       0.92      0.92      0.92       362


Support vector machine(SVM):
              precision    recall  f1-score   support

      Evian       0.90      0.99      0.94       202
         T3       0.98      0.86      0.91       160

avg / total       0.93      0.93      0.93       362


Random Forest Classifier:
              precision    recall  f1-score   support

      Evian       0.89      0.93      0.91       202
         T3       0.90      0.85      0.87       160

avg / total       0.89      0.89      0.89       362


K Nearest Neighbor Classifier:
              precision    recall  f1-score   support

      Evian       0.93      0.96      0.94       202
         T3       0.94      0.91      0.92       160

avg / total       0.93      0.93      0.93       362


Logistic Regression:
              precision    recall  f1-score   support

      Evian       0.66      0.76      0.70       202
         T3       0.62      0.49      0.55       160

avg / total       0.64      0.64      0.64       362


AdaBoost Classifier:
              precision    recall  f1-score   support

      Evian       0.76      0.79      0.78       202
         T3       0.72      0.69      0.71       160

avg / total       0.75      0.75      0.75       362


GaussianNB Classifier:
              precision    recall  f1-score   support

      Evian       0.81      0.88      0.84       202
         T3       0.83      0.74      0.78       160

avg / total       0.82      0.82      0.82       362


>>> 