Python 2.7.10 (default, May 23 2015, 09:40:32) [MSC v.1500 32 bit (Intel)] on win32
Type "help", "copyright", "credits" or "license" for more information.
>>> runfile('U:/Stagiaires/Nabil.BELAHRACH/Donnees/30_Python/classification/Evian_VS_T325.py', wdir='U:/Stagiaires/Nabil.BELAHRACH/Donnees/30_Python/classification')
Passive Aggressive Classifier: 0.62
Gradient Boosting Classifier:  0.91
Support vector machine(SVM):   0.93
Random Forest Classifier:      0.89
K Nearest Neighbor Classifier: 0.92
Logistic Regression:           0.63
Passive Aggressive Classifier:
              precision    recall  f1-score   support

      Evian       0.63      0.65      0.64       202
         T3       0.54      0.52      0.53       160

avg / total       0.59      0.59      0.59       362


Gradient Boosting Classifier:
              precision    recall  f1-score   support

      Evian       0.90      0.95      0.93       202
         T3       0.93      0.87      0.90       160

avg / total       0.92      0.91      0.91       362


Support vector machine(SVM):
              precision    recall  f1-score   support

      Evian       0.89      0.99      0.94       202
         T3       0.99      0.84      0.91       160

avg / total       0.93      0.93      0.92       362


Random Forest Classifier:
              precision    recall  f1-score   support

      Evian       0.88      0.95      0.91       202
         T3       0.93      0.83      0.88       160

avg / total       0.90      0.90      0.90       362


K Nearest Neighbor Classifier:
              precision    recall  f1-score   support

      Evian       0.92      0.95      0.94       202
         T3       0.94      0.90      0.92       160

avg / total       0.93      0.93      0.93       362


Logistic Regression:
              precision    recall  f1-score   support

      Evian       0.65      0.75      0.70       202
         T3       0.61      0.49      0.55       160

avg / total       0.63      0.64      0.63       362


AdaBoost Classifier:
              precision    recall  f1-score   support

      Evian       0.79      0.79      0.79       202
         T3       0.74      0.73      0.73       160

avg / total       0.77      0.77      0.77       362


>>> 